{"/Users/catalinaavadani/Desktop/flick-pick/src/App.tsx": {"path":"/Users/catalinaavadani/Desktop/flick-pick/src/App.tsx","statementMap":{"0":{"start":{"line":4,"column":28},"end":{"line":4,"column":null}},"1":{"start":{"line":6,"column":2},"end":{"line":14,"column":null}},"2":{"start":{"line":10,"column":23},"end":{"line":10,"column":null}},"3":{"start":{"line":10,"column":43},"end":{"line":10,"column":52}}},"fnMap":{"0":{"name":"App","decl":{"start":{"line":3,"column":9},"end":{"line":3,"column":15}},"loc":{"start":{"line":3,"column":15},"end":{"line":16,"column":null}}},"1":{"name":"(anonymous_1)","decl":{"start":{"line":10,"column":17},"end":{"line":10,"column":23}},"loc":{"start":{"line":10,"column":23},"end":{"line":10,"column":null}}},"2":{"name":"(anonymous_2)","decl":{"start":{"line":10,"column":32},"end":{"line":10,"column":33}},"loc":{"start":{"line":10,"column":43},"end":{"line":10,"column":52}}}},"branchMap":{},"s":{"0":5,"1":5,"2":3,"3":3},"f":{"0":5,"1":3,"2":3},"b":{}}
}
